{"/Users/matiiu/Code_Projects/rest_api_node_ts_server/src/router.ts": {"path":"/Users/matiiu/Code_Projects/rest_api_node_ts_server/src/router.ts","statementMap":{"0":{"start":{"line":1,"column":0},"end":{"line":1,"column":31}},"1":{"start":{"line":2,"column":0},"end":{"line":2,"column":46}},"2":{"start":{"line":3,"column":0},"end":{"line":3,"column":null}},"3":{"start":{"line":11,"column":0},"end":{"line":11,"column":48}},"4":{"start":{"line":12,"column":0},"end":{"line":12,"column":43}},"5":{"start":{"line":14,"column":15},"end":{"line":14,"column":23}},"6":{"start":{"line":17,"column":0},"end":{"line":17,"column":37}},"7":{"start":{"line":19,"column":0},"end":{"line":29,"column":2}},"8":{"start":{"line":25,"column":27},"end":{"line":25,"column":34}},"9":{"start":{"line":31,"column":0},"end":{"line":48,"column":2}},"10":{"start":{"line":44,"column":27},"end":{"line":44,"column":34}},"11":{"start":{"line":50,"column":0},"end":{"line":73,"column":2}},"12":{"start":{"line":56,"column":27},"end":{"line":56,"column":34}},"13":{"start":{"line":68,"column":27},"end":{"line":68,"column":34}},"14":{"start":{"line":75,"column":0},"end":{"line":89,"column":2}},"15":{"start":{"line":81,"column":27},"end":{"line":81,"column":34}},"16":{"start":{"line":91,"column":0},"end":{"line":101,"column":2}},"17":{"start":{"line":97,"column":27},"end":{"line":97,"column":34}},"18":{"start":{"line":103,"column":0},"end":{"line":103,"column":22}}},"fnMap":{"0":{"name":"(anonymous_0)","decl":{"start":{"line":25,"column":10},"end":{"line":25,"column":11}},"loc":{"start":{"line":25,"column":27},"end":{"line":25,"column":34}}},"1":{"name":"(anonymous_1)","decl":{"start":{"line":44,"column":10},"end":{"line":44,"column":11}},"loc":{"start":{"line":44,"column":27},"end":{"line":44,"column":34}}},"2":{"name":"(anonymous_2)","decl":{"start":{"line":56,"column":10},"end":{"line":56,"column":11}},"loc":{"start":{"line":56,"column":27},"end":{"line":56,"column":34}}},"3":{"name":"(anonymous_3)","decl":{"start":{"line":68,"column":10},"end":{"line":68,"column":11}},"loc":{"start":{"line":68,"column":27},"end":{"line":68,"column":34}}},"4":{"name":"(anonymous_4)","decl":{"start":{"line":81,"column":10},"end":{"line":81,"column":11}},"loc":{"start":{"line":81,"column":27},"end":{"line":81,"column":34}}},"5":{"name":"(anonymous_5)","decl":{"start":{"line":97,"column":10},"end":{"line":97,"column":11}},"loc":{"start":{"line":97,"column":27},"end":{"line":97,"column":34}}}},"branchMap":{},"s":{"0":2,"1":2,"2":2,"3":2,"4":2,"5":2,"6":2,"7":2,"8":3,"9":2,"10":4,"11":2,"12":5,"13":5,"14":2,"15":5,"16":2,"17":3,"18":2},"f":{"0":3,"1":4,"2":5,"3":5,"4":5,"5":3},"b":{}}
,"/Users/matiiu/Code_Projects/rest_api_node_ts_server/src/server.ts": {"path":"/Users/matiiu/Code_Projects/rest_api_node_ts_server/src/server.ts","statementMap":{"0":{"start":{"line":1,"column":0},"end":{"line":1,"column":30}},"1":{"start":{"line":2,"column":0},"end":{"line":2,"column":28}},"2":{"start":{"line":4,"column":0},"end":{"line":4,"column":30}},"3":{"start":{"line":5,"column":0},"end":{"line":5,"column":29}},"4":{"start":{"line":9,"column":1},"end":{"line":15,"column":2}},"5":{"start":{"line":10,"column":2},"end":{"line":10,"column":26}},"6":{"start":{"line":11,"column":2},"end":{"line":11,"column":12}},"7":{"start":{"line":14,"column":22},"end":{"line":14,"column":136}},"8":{"start":{"line":8,"column":0},"end":{"line":8,"column":7}},"9":{"start":{"line":17,"column":0},"end":{"line":17,"column":12}},"10":{"start":{"line":20,"column":15},"end":{"line":20,"column":24}},"11":{"start":{"line":23,"column":0},"end":{"line":23,"column":27}},"12":{"start":{"line":25,"column":0},"end":{"line":25,"column":27}},"13":{"start":{"line":26,"column":0},"end":{"line":28,"column":3}},"14":{"start":{"line":27,"column":1},"end":{"line":27,"column":29}},"15":{"start":{"line":30,"column":0},"end":{"line":30,"column":22}},"16":{"start":{"line":37,"column":85},"end":{"line":37,"column":37534}},"17":{"start":{"line":37,"column":89},"end":{"line":37,"column":37523}},"18":{"start":{"line":37,"column":37649},"end":{"line":37,"column":37655}},"19":{"start":{"line":37,"column":37770},"end":{"line":37,"column":37776}},"20":{"start":{"line":37,"column":37895},"end":{"line":37,"column":37901}},"21":{"start":{"line":37,"column":38045},"end":{"line":37,"column":38051}}},"fnMap":{"0":{"name":"connectDB","decl":{"start":{"line":8,"column":22},"end":{"line":8,"column":31}},"loc":{"start":{"line":8,"column":31},"end":{"line":16,"column":1}}},"1":{"name":"(anonymous_2)","decl":{"start":{"line":26,"column":19},"end":{"line":26,"column":20}},"loc":{"start":{"line":26,"column":32},"end":{"line":28,"column":1}}},"2":{"name":"oo_cm","decl":{"start":{"line":37,"column":77},"end":{"line":37,"column":82}},"loc":{"start":{"line":37,"column":82},"end":{"line":37,"column":37535}}}},"branchMap":{"0":{"loc":{"start":{"line":37,"column":96},"end":{"line":37,"column":37522}},"type":"binary-expr","locations":[{"start":{"line":37,"column":96},"end":{"line":37,"column":133}},{"start":{"line":37,"column":137},"end":{"line":37,"column":37522}}]}},"s":{"0":2,"1":2,"2":2,"3":2,"4":3,"5":3,"6":2,"7":1,"8":2,"9":2,"10":2,"11":2,"12":2,"13":2,"14":1,"15":2,"16":1,"17":1,"18":2,"19":2,"20":2,"21":2},"f":{"0":3,"1":1,"2":1},"b":{"0":[1,1]}}
,"/Users/matiiu/Code_Projects/rest_api_node_ts_server/src/config/db.ts": {"path":"/Users/matiiu/Code_Projects/rest_api_node_ts_server/src/config/db.ts","statementMap":{"0":{"start":{"line":1,"column":0},"end":{"line":1,"column":47}},"1":{"start":{"line":2,"column":0},"end":{"line":2,"column":28}},"2":{"start":{"line":4,"column":0},"end":{"line":4,"column":16}},"3":{"start":{"line":6,"column":11},"end":{"line":14,"column":2}},"4":{"start":{"line":16,"column":0},"end":{"line":16,"column":18}}},"fnMap":{},"branchMap":{},"s":{"0":2,"1":2,"2":2,"3":2,"4":2},"f":{},"b":{}}
,"/Users/matiiu/Code_Projects/rest_api_node_ts_server/src/data/Errors.ts": {"path":"/Users/matiiu/Code_Projects/rest_api_node_ts_server/src/data/Errors.ts","statementMap":{"0":{"start":{"line":3,"column":13},"end":{"line":13,"column":2}}},"fnMap":{},"branchMap":{},"s":{"0":2},"f":{},"b":{}}
,"/Users/matiiu/Code_Projects/rest_api_node_ts_server/src/handlers/product.ts": {"path":"/Users/matiiu/Code_Projects/rest_api_node_ts_server/src/handlers/product.ts","statementMap":{"0":{"start":{"line":2,"column":0},"end":{"line":2,"column":46}},"1":{"start":{"line":3,"column":0},"end":{"line":3,"column":44}},"2":{"start":{"line":5,"column":27},"end":{"line":14,"column":1}},"3":{"start":{"line":6,"column":1},"end":{"line":13,"column":2}},"4":{"start":{"line":7,"column":19},"end":{"line":9,"column":4}},"5":{"start":{"line":10,"column":2},"end":{"line":10,"column":29}},"6":{"start":{"line":12,"column":2},"end":{"line":12,"column":23}},"7":{"start":{"line":5,"column":13},"end":{"line":5,"column":27}},"8":{"start":{"line":16,"column":30},"end":{"line":39,"column":1}},"9":{"start":{"line":17,"column":1},"end":{"line":38,"column":2}},"10":{"start":{"line":18,"column":15},"end":{"line":18,"column":25}},"11":{"start":{"line":19,"column":18},"end":{"line":19,"column":44}},"12":{"start":{"line":21,"column":2},"end":{"line":33,"column":3}},"13":{"start":{"line":22,"column":3},"end":{"line":32,"column":6}},"14":{"start":{"line":35,"column":2},"end":{"line":35,"column":28}},"15":{"start":{"line":37,"column":2},"end":{"line":37,"column":23}},"16":{"start":{"line":16,"column":13},"end":{"line":16,"column":30}},"17":{"start":{"line":41,"column":29},"end":{"line":48,"column":1}},"18":{"start":{"line":42,"column":1},"end":{"line":47,"column":2}},"19":{"start":{"line":43,"column":18},"end":{"line":43,"column":48}},"20":{"start":{"line":44,"column":2},"end":{"line":44,"column":40}},"21":{"start":{"line":46,"column":2},"end":{"line":46,"column":23}},"22":{"start":{"line":41,"column":13},"end":{"line":41,"column":29}},"23":{"start":{"line":50,"column":29},"end":{"line":76,"column":1}},"24":{"start":{"line":51,"column":1},"end":{"line":75,"column":2}},"25":{"start":{"line":52,"column":15},"end":{"line":52,"column":25}},"26":{"start":{"line":53,"column":18},"end":{"line":53,"column":44}},"27":{"start":{"line":55,"column":2},"end":{"line":67,"column":3}},"28":{"start":{"line":56,"column":3},"end":{"line":66,"column":6}},"29":{"start":{"line":70,"column":2},"end":{"line":70,"column":33}},"30":{"start":{"line":71,"column":2},"end":{"line":71,"column":23}},"31":{"start":{"line":72,"column":2},"end":{"line":72,"column":28}},"32":{"start":{"line":74,"column":2},"end":{"line":74,"column":23}},"33":{"start":{"line":50,"column":13},"end":{"line":50,"column":29}},"34":{"start":{"line":78,"column":34},"end":{"line":110,"column":1}},"35":{"start":{"line":79,"column":1},"end":{"line":109,"column":2}},"36":{"start":{"line":80,"column":15},"end":{"line":80,"column":25}},"37":{"start":{"line":81,"column":18},"end":{"line":81,"column":44}},"38":{"start":{"line":83,"column":2},"end":{"line":95,"column":3}},"39":{"start":{"line":84,"column":3},"end":{"line":94,"column":6}},"40":{"start":{"line":98,"column":30},"end":{"line":98,"column":62}},"41":{"start":{"line":100,"column":2},"end":{"line":102,"column":3}},"42":{"start":{"line":101,"column":3},"end":{"line":101,"column":40}},"43":{"start":{"line":103,"column":2},"end":{"line":103,"column":38}},"44":{"start":{"line":105,"column":2},"end":{"line":105,"column":23}},"45":{"start":{"line":106,"column":2},"end":{"line":106,"column":28}},"46":{"start":{"line":108,"column":2},"end":{"line":108,"column":23}},"47":{"start":{"line":78,"column":13},"end":{"line":78,"column":34}},"48":{"start":{"line":112,"column":29},"end":{"line":137,"column":1}},"49":{"start":{"line":113,"column":1},"end":{"line":136,"column":2}},"50":{"start":{"line":114,"column":15},"end":{"line":114,"column":25}},"51":{"start":{"line":115,"column":18},"end":{"line":115,"column":44}},"52":{"start":{"line":117,"column":2},"end":{"line":129,"column":3}},"53":{"start":{"line":118,"column":3},"end":{"line":128,"column":6}},"54":{"start":{"line":132,"column":2},"end":{"line":132,"column":26}},"55":{"start":{"line":133,"column":2},"end":{"line":133,"column":41}},"56":{"start":{"line":135,"column":2},"end":{"line":135,"column":23}},"57":{"start":{"line":112,"column":13},"end":{"line":112,"column":29}}},"fnMap":{"0":{"name":"(anonymous_1)","decl":{"start":{"line":5,"column":27},"end":{"line":5,"column":32}},"loc":{"start":{"line":5,"column":65},"end":{"line":14,"column":1}}},"1":{"name":"(anonymous_2)","decl":{"start":{"line":16,"column":30},"end":{"line":16,"column":35}},"loc":{"start":{"line":16,"column":68},"end":{"line":39,"column":1}}},"2":{"name":"(anonymous_3)","decl":{"start":{"line":41,"column":29},"end":{"line":41,"column":34}},"loc":{"start":{"line":41,"column":67},"end":{"line":48,"column":1}}},"3":{"name":"(anonymous_4)","decl":{"start":{"line":50,"column":29},"end":{"line":50,"column":34}},"loc":{"start":{"line":50,"column":67},"end":{"line":76,"column":1}}},"4":{"name":"(anonymous_5)","decl":{"start":{"line":78,"column":34},"end":{"line":78,"column":39}},"loc":{"start":{"line":78,"column":72},"end":{"line":110,"column":1}}},"5":{"name":"(anonymous_6)","decl":{"start":{"line":112,"column":29},"end":{"line":112,"column":34}},"loc":{"start":{"line":112,"column":67},"end":{"line":137,"column":1}}}},"branchMap":{"0":{"loc":{"start":{"line":21,"column":2},"end":{"line":33,"column":3}},"type":"if","locations":[{"start":{"line":21,"column":2},"end":{"line":33,"column":3}}]},"1":{"loc":{"start":{"line":55,"column":2},"end":{"line":67,"column":3}},"type":"if","locations":[{"start":{"line":55,"column":2},"end":{"line":67,"column":3}}]},"2":{"loc":{"start":{"line":83,"column":2},"end":{"line":95,"column":3}},"type":"if","locations":[{"start":{"line":83,"column":2},"end":{"line":95,"column":3}}]},"3":{"loc":{"start":{"line":100,"column":2},"end":{"line":102,"column":3}},"type":"if","locations":[{"start":{"line":100,"column":2},"end":{"line":102,"column":3}}]},"4":{"loc":{"start":{"line":100,"column":6},"end":{"line":100,"column":78}},"type":"binary-expr","locations":[{"start":{"line":100,"column":6},"end":{"line":100,"column":32}},{"start":{"line":100,"column":36},"end":{"line":100,"column":78}}]},"5":{"loc":{"start":{"line":117,"column":2},"end":{"line":129,"column":3}},"type":"if","locations":[{"start":{"line":117,"column":2},"end":{"line":129,"column":3}}]}},"s":{"0":2,"1":2,"2":2,"3":2,"4":2,"5":2,"6":0,"7":2,"8":2,"9":2,"10":2,"11":2,"12":2,"13":1,"14":1,"15":0,"16":2,"17":2,"18":1,"19":1,"20":1,"21":0,"22":2,"23":2,"24":2,"25":2,"26":2,"27":2,"28":1,"29":1,"30":1,"31":1,"32":0,"33":2,"34":2,"35":3,"36":3,"37":3,"38":3,"39":1,"40":2,"41":2,"42":1,"43":2,"44":2,"45":2,"46":0,"47":2,"48":2,"49":2,"50":2,"51":2,"52":2,"53":1,"54":1,"55":1,"56":0,"57":2},"f":{"0":2,"1":2,"2":1,"3":2,"4":3,"5":2},"b":{"0":[1],"1":[1],"2":[1],"3":[1],"4":[2,1],"5":[1]}}
,"/Users/matiiu/Code_Projects/rest_api_node_ts_server/src/middlewares/index.ts": {"path":"/Users/matiiu/Code_Projects/rest_api_node_ts_server/src/middlewares/index.ts","statementMap":{"0":{"start":{"line":2,"column":0},"end":{"line":2,"column":51}},"1":{"start":{"line":4,"column":33},"end":{"line":18,"column":1}},"2":{"start":{"line":9,"column":16},"end":{"line":9,"column":37}},"3":{"start":{"line":11,"column":1},"end":{"line":15,"column":2}},"4":{"start":{"line":12,"column":2},"end":{"line":14,"column":5}},"5":{"start":{"line":17,"column":1},"end":{"line":17,"column":8}},"6":{"start":{"line":4,"column":13},"end":{"line":4,"column":33}}},"fnMap":{"0":{"name":"(anonymous_0)","decl":{"start":{"line":4,"column":33},"end":{"line":4,"column":null}},"loc":{"start":{"line":8,"column":4},"end":{"line":18,"column":1}}}},"branchMap":{"0":{"loc":{"start":{"line":11,"column":1},"end":{"line":15,"column":2}},"type":"if","locations":[{"start":{"line":11,"column":1},"end":{"line":15,"column":2}}]}},"s":{"0":2,"1":2,"2":20,"3":20,"4":10,"5":10,"6":2},"f":{"0":20},"b":{"0":[10]}}
,"/Users/matiiu/Code_Projects/rest_api_node_ts_server/src/models/Product.model.ts": {"path":"/Users/matiiu/Code_Projects/rest_api_node_ts_server/src/models/Product.model.ts","statementMap":{"0":{"start":{"line":1,"column":0},"end":{"line":1,"column":77}},"1":{"start":{"line":6,"column":15},"end":{"line":23,"column":null}},"2":{"start":{"line":10,"column":9},"end":{"line":10,"column":null}},"3":{"start":{"line":16,"column":9},"end":{"line":16,"column":null}},"4":{"start":{"line":22,"column":9},"end":{"line":22,"column":null}},"5":{"start":{"line":6,"column":21},"end":{"line":23,"column":null}},"6":{"start":{"line":6,"column":21},"end":{"line":6,"column":29}}},"fnMap":{},"branchMap":{},"s":{"0":3,"1":3,"2":3,"3":3,"4":3,"5":3,"6":3},"f":{},"b":{}}
}
