TN:
SF:src/router.ts
FN:25,(anonymous_0)
FN:44,(anonymous_1)
FN:56,(anonymous_2)
FN:68,(anonymous_3)
FN:81,(anonymous_4)
FN:97,(anonymous_5)
FNF:6
FNH:6
FNDA:3,(anonymous_0)
FNDA:4,(anonymous_1)
FNDA:5,(anonymous_2)
FNDA:5,(anonymous_3)
FNDA:5,(anonymous_4)
FNDA:3,(anonymous_5)
DA:1,2
DA:2,2
DA:3,2
DA:11,2
DA:12,2
DA:14,2
DA:17,2
DA:19,2
DA:25,3
DA:31,2
DA:44,4
DA:50,2
DA:56,5
DA:68,5
DA:75,2
DA:81,5
DA:91,2
DA:97,3
DA:103,2
LF:19
LH:19
BRF:0
BRH:0
end_of_record
TN:
SF:src/server.ts
FN:8,connectDB
FN:26,(anonymous_2)
FN:37,oo_cm
FNF:3
FNH:3
FNDA:3,connectDB
FNDA:1,(anonymous_2)
FNDA:1,oo_cm
DA:1,2
DA:2,2
DA:4,2
DA:5,2
DA:8,2
DA:9,3
DA:10,3
DA:11,2
DA:14,1
DA:17,2
DA:20,2
DA:23,2
DA:25,2
DA:26,2
DA:27,1
DA:30,2
DA:37,2
LF:17
LH:17
BRDA:37,0,0,1
BRDA:37,0,1,1
BRF:2
BRH:2
end_of_record
TN:
SF:src/config/db.ts
FNF:0
FNH:0
DA:1,2
DA:2,2
DA:4,2
DA:6,2
DA:16,2
LF:5
LH:5
BRF:0
BRH:0
end_of_record
TN:
SF:src/data/Errors.ts
FNF:0
FNH:0
DA:3,2
LF:1
LH:1
BRF:0
BRH:0
end_of_record
TN:
SF:src/handlers/product.ts
FN:5,(anonymous_1)
FN:16,(anonymous_2)
FN:41,(anonymous_3)
FN:50,(anonymous_4)
FN:78,(anonymous_5)
FN:112,(anonymous_6)
FNF:6
FNH:6
FNDA:2,(anonymous_1)
FNDA:2,(anonymous_2)
FNDA:1,(anonymous_3)
FNDA:2,(anonymous_4)
FNDA:3,(anonymous_5)
FNDA:2,(anonymous_6)
DA:2,2
DA:3,2
DA:5,2
DA:6,2
DA:7,2
DA:10,2
DA:12,0
DA:16,2
DA:17,2
DA:18,2
DA:19,2
DA:21,2
DA:22,1
DA:35,1
DA:37,0
DA:41,2
DA:42,1
DA:43,1
DA:44,1
DA:46,0
DA:50,2
DA:51,2
DA:52,2
DA:53,2
DA:55,2
DA:56,1
DA:70,1
DA:71,1
DA:72,1
DA:74,0
DA:78,2
DA:79,3
DA:80,3
DA:81,3
DA:83,3
DA:84,1
DA:98,2
DA:100,2
DA:101,1
DA:103,2
DA:105,2
DA:106,2
DA:108,0
DA:112,2
DA:113,2
DA:114,2
DA:115,2
DA:117,2
DA:118,1
DA:132,1
DA:133,1
DA:135,0
LF:52
LH:46
BRDA:21,0,0,1
BRDA:55,1,0,1
BRDA:83,2,0,1
BRDA:100,3,0,1
BRDA:100,4,0,2
BRDA:100,4,1,1
BRDA:117,5,0,1
BRF:7
BRH:7
end_of_record
TN:
SF:src/middlewares/index.ts
FN:4,(anonymous_0)
FNF:1
FNH:1
FNDA:20,(anonymous_0)
DA:2,2
DA:4,2
DA:9,20
DA:11,20
DA:12,10
DA:17,10
LF:6
LH:6
BRDA:11,0,0,10
BRF:1
BRH:1
end_of_record
TN:
SF:src/models/Product.model.ts
FNF:0
FNH:0
DA:1,3
DA:6,3
DA:10,3
DA:16,3
DA:22,3
LF:5
LH:5
BRF:0
BRH:0
end_of_record
